         ps       /tb/rst8   /tb/clk8       /tb/upperBound8             /tb/busy8  /tb/rst16  /tb/clk16      /tb/upperBound16            /tb/busy16  /tb/rst32  /tb/clk32      /tb/upperBound32            /tb/busy32                     
          delta                      /tb/repeat8            /tb/count8                                /tb/repeat16           /tb/count16                                /tb/repeat32           /tb/count32                                
          0  +3          1          0          0          X          0          1          1          0          0          X          0          1          1          0          0          X          0          1 
      50000  +1          1          1          0          X          0          1          1          1          0          X          0          1          1          1          0          X          0          1 
     100000  +1          0          0          1          6          0          1          0          0          1          6          0          1          0          0          1         16          0          1 
     150000  +1          0          1          1          6          0          1          0          1          1          6          0          1          0          1          1         16          0          1 
     200000  +1          0          0          1          6          0          1          0          0          1          6          0          1          0          0          1         16          0          1 
     250000  +3          0          1          1          6          1          1          0          1          1          6          1          1          0          1          1         16          1          1 
     300000  +1          0          0          1          6          1          1          0          0          1          6          1          1          0          0          1         16          1          1 
     350000  +3          0          1          1          6          0          1          0          1          1          6          0          1          0          1          1         16          0          1 
     400000  +1          0          0          1          6          0          1          0          0          1          6          0          1          0          0          1         16          0          1 
     450000  +3          0          1          1          6          1          1          0          1          1          6          1          1          0          1          1         16          1          1 
     500000  +1          0          0          1          6          1          1          0          0          1          6          1          1          0          0          1         16          1          1 
     550000  +3          0          1          1          6          2          1          0          1          1          6          2          1          0          1          1         16          2          1 
     600000  +1          0          0          1          6          2          1          0          0          1          6          2          1          0          0          1         16          2          1 
     650000  +3          0          1          1          6          0          1          0          1          1          6          0          1          0          1          1         16          0          1 
     700000  +1          0          0          1          6          0          1          0          0          1          6          0          1          0          0          1         16          0          1 
     750000  +3          0          1          1          6          1          1          0          1          1          6          1          1          0          1          1         16          1          1 
     800000  +1          0          0          1          6          1          1          0          0          1          6          1          1          0          0          1         16          1          1 
     850000  +3          0          1          1          6          2          1          0          1          1          6          2          1          0          1          1         16          2          1 
     900000  +1          0          0          1          6          2          1          0          0          1          6          2          1          0          0          1         16          2          1 
     950000  +3          0          1          1          6          3          1          0          1          1          6          3          1          0          1          1         16          3          1 
    1000000  +1          0          0          1          6          3          1          0          0          1          6          3          1          0          0          1         16          3          1 
    1050000  +3          0          1          1          6          0          1          0          1          1          6          0          1          0          1          1         16          0          1 
    1100000  +1          0          0          1          6          0          1          0          0          1          6          0          1          0          0          1         16          0          1 
    1150000  +3          0          1          1          6          1          1          0          1          1          6          1          1          0          1          1         16          1          1 
    1200000  +1          0          0          1          6          1          1          0          0          1          6          1          1          0          0          1         16          1          1 
    1250000  +3          0          1          1          6          2          1          0          1          1          6          2          1          0          1          1         16          2          1 
    1300000  +1          0          0          1          6          2          1          0          0          1          6          2          1          0          0          1         16          2          1 
    1350000  +3          0          1          1          6          3          1          0          1          1          6          3          1          0          1          1         16          3          1 
    1400000  +1          0          0          1          6          3          1          0          0          1          6          3          1          0          0          1         16          3          1 
    1450000  +3          0          1          1          6          4          1          0          1          1          6          4          1          0          1          1         16          4          1 
    1500000  +1          0          0          1          6          4          1          0          0          1          6          4          1          0          0          1         16          4          1 
    1550000  +3          0          1          1          6          0          1          0          1          1          6          0          1          0          1          1         16          0          1 
    1600000  +1          0          0          1          6          0          1          0          0          1          6          0          1          0          0          1         16          0          1 
    1650000  +3          0          1          1          6          1          1          0          1          1          6          1          1          0          1          1         16          1          1 
    1700000  +1          0          0          1          6          1          1          0          0          1          6          1          1          0          0          1         16          1          1 
    1750000  +3          0          1          1          6          2          1          0          1          1          6          2          1          0          1          1         16          2          1 
    1800000  +1          0          0          1          6          2          1          0          0          1          6          2          1          0          0          1         16          2          1 
    1850000  +3          0          1          1          6          3          1          0          1          1          6          3          1          0          1          1         16          3          1 
    1900000  +1          0          0          1          6          3          1          0          0          1          6          3          1          0          0          1         16          3          1 
    1950000  +3          0          1          1          6          4          1          0          1          1          6          4          1          0          1          1         16          4          1 
    2000000  +1          0          0          1          6          4          1          0          0          1          6          4          1          0          0          1         16          4          1 
    2050000  +3          0          1          1          6          5          1          0          1          1          6          5          1          0          1          1         16          5          1 
    2100000  +1          0          0          0         10          5          1          0          0          1          6          5          1          0          0          1         16          5          1 
    2150000  +3          0          1          0         10          0          1          0          1          1          6          0          1          0          1          1         16          0          1 
    2200000  +1          0          0          0         10          0          1          0          0          1          6          0          1          0          0          1         16          0          1 
    2250000  +3          0          1          0         10          1          1          0          1          1          6          1          1          0          1          1         16          1          1 
    2300000  +1          0          0          0         10          1          1          0          0          1          6          1          1          0          0          1         16          1          1 
    2350000  +3          0          1          0         10          2          1          0          1          1          6          2          1          0          1          1         16          2          1 
    2400000  +1          0          0          0         10          2          1          0          0          1          6          2          1          0          0          1         16          2          1 
    2450000  +3          0          1          0         10          3          1          0          1          1          6          3          1          0          1          1         16          3          1 
    2500000  +1          0          0          0         10          3          1          0          0          1          6          3          1          0          0          1         16          3          1 
    2550000  +3          0          1          0         10          4          1          0          1          1          6          4          1          0          1          1         16          4          1 
    2600000  +1          0          0          0         10          4          1          0          0          1          6          4          1          0          0          1         16          4          1 
    2650000  +3          0          1          0         10          5          1          0          1          1          6          5          1          0          1          1         16          5          1 
    2700000  +1          0          0          0         10          5          1          0          0          1          6          5          1          0          0          1         16          5          1 
    2750000  +3          0          1          0         10          6          1          0          1          1          6          6          1          0          1          1         16          6          1 
    2800000  +1          0          0          0         10          6          1          0          0          1          6          6          1          0          0          1         16          6          1 
    2850000  +3          0          1          0         10          0          1          0          1          1          6          0          1          0          1          1         16          0          1 
    2900000  +1          0          0          0         10          0          1          0          0          1          6          0          1          0          0          1         16          0          1 
    2950000  +3          0          1          0         10          1          1          0          1          1          6          0          1          0          1          1         16          1          1 
    3000000  +1          0          0          0         10          1          1          0          0          1          6          0          1          0          0          1         16          1          1 
    3050000  +3          0          1          0         10          2          1          0          1          1          6          1          1          0          1          1         16          2          1 
    3100000  +1          0          0          0         10          2          1          0          0          0         16          1          1          0          0          0         32          2          1 
    3150000  +3          0          1          0         10          3          1          0          1          0         16          0          1          0          1          0         32          3          1 
    3200000  +1          0          0          0         10          3          1          0          0          0         16          0          1          0          0          0         32          3          1 
    3250000  +3          0          1          0         10          4          1          0          1          0         16          1          1          0          1          0         32          4          1 
    3300000  +1          0          0          0         10          4          1          0          0          0         16          1          1          0          0          0         32          4          1 
    3350000  +3          0          1          0         10          5          1          0          1          0         16          2          1          0          1          0         32          5          1 
    3400000  +1          0          0          0         10          5          1          0          0          0         16          2          1          0          0          0         32          5          1 
    3450000  +3          0          1          0         10          6          1          0          1          0         16          0          1          0          1          0         32          6          1 
    3500000  +1          0          0          0         10          6          1          0          0          0         16          0          1          0          0          0         32          6          1 
    3550000  +3          0          1          0         10          7          1          0          1          0         16          1          1          0          1          0         32          7          1 
    3600000  +1          0          0          0         10          7          1          0          0          0         16          1          1          0          0          0         32          7          1 
    3650000  +3          0          1          0         10          0          1          0          1          0         16          2          1          0          1          0         32          0          1 
    3700000  +1          0          0          0         10          0          1          0          0          0         16          2          1          0          0          0         32          0          1 
    3750000  +3          0          1          0         10          1          1          0          1          0         16          3          1          0          1          0         32          1          1 
    3800000  +1          0          0          0         10          1          1          0          0          0         16          3          1          0          0          0         32          1          1 
    3850000  +3          0          1          0         10          2          1          0          1          0         16          0          1          0          1          0         32          2          1 
    3900000  +1          0          0          0         10          2          1          0          0          0         16          0          1          0          0          0         32          2          1 
    3950000  +3          0          1          0         10          3          1          0          1          0         16          1          1          0          1          0         32          3          1 
    4000000  +1          0          0          0         10          3          1          0          0          0         16          1          1          0          0          0         32          3          1 
    4050000  +3          0          1          0         10          4          1          0          1          0         16          2          1          0          1          0         32          4          1 
    4100000  +1          0          0          0         10          4          1          0          0          0         16          2          1          0          0          0         32          4          1 
    4150000  +3          0          1          0         10          5          1          0          1          0         16          3          1          0          1          0         32          5          1 
    4200000  +1          0          0          0         10          5          1          0          0          0         16          3          1          0          0          0         32          5          1 
    4250000  +3          0          1          0         10          6          1          0          1          0         16          4          1          0          1          0         32          6          1 
    4300000  +1          0          0          0         10          6          1          0          0          0         16          4          1          0          0          0         32          6          1 
    4350000  +3          0          1          0         10          7          1          0          1          0         16          0          1          0          1          0         32          7          1 
    4400000  +1          0          0          0         10          7          1          0          0          0         16          0          1          0          0          0         32          7          1 
    4450000  +3          0          1          0         10          8          1          0          1          0         16          1          1          0          1          0         32          8          1 
    4500000  +1          0          0          0         10          8          1          0          0          0         16          1          1          0          0          0         32          8          1 
    4550000  +3          0          1          0         10          0          1          0          1          0         16          2          1          0          1          0         32          0          1 
    4600000  +1          0          0          0         10          0          1          0          0          0         16          2          1          0          0          0         32          0          1 
    4650000  +3          0          1          0         10          1          1          0          1          0         16          3          1          0          1          0         32          1          1 
    4700000  +1          0          0          0         10          1          1          0          0          0         16          3          1          0          0          0         32          1          1 
    4750000  +3          0          1          0         10          2          1          0          1          0         16          4          1          0          1          0         32          2          1 
    4800000  +1          0          0          0         10          2          1          0          0          0         16          4          1          0          0          0         32          2          1 
    4850000  +3          0          1          0         10          3          1          0          1          0         16          5          1          0          1          0         32          3          1 
    4900000  +1          0          0          0         10          3          1          0          0          0         16          5          1          0          0          0         32          3          1 
    4950000  +3          0          1          0         10          4          1          0          1          0         16          0          1          0          1          0         32          4          1 
